<?xml version="1.0" encoding="UTF-8"?>
<!-- Generated by org.testng.reporters.JUnitXMLReporter -->
<testsuite ignored="0" hostname="LAPTOP-9AGJIQ9K" failures="2" tests="63" name="Default test" time="1346.613" errors="0" timestamp="2022-09-26T00:03:35 IST">
  <testcase classname="com.myelth.tests.HomePageTest" name="sideNavBtn7Test" time="0.102">
    <failure type="java.lang.AssertionError" message="Reviews are not displayed expected [true] but found [false]">
      <![CDATA[java.lang.AssertionError: Reviews are not displayed expected [true] but found [false]
at org.testng.Assert.fail(Assert.java:110)
at org.testng.Assert.failNotEquals(Assert.java:1413)
at org.testng.Assert.assertTrue(Assert.java:56)
at com.myelth.tests.HomePageTest.sideNavBtn7Test(HomePageTest.java:346)
at java.base/jdk.internal.reflect.NativeMethodAccessorImpl.invoke0(Native Method)
at java.base/jdk.internal.reflect.NativeMethodAccessorImpl.invoke(NativeMethodAccessorImpl.java:77)
at java.base/jdk.internal.reflect.DelegatingMethodAccessorImpl.invoke(DelegatingMethodAccessorImpl.java:43)
at java.base/java.lang.reflect.Method.invoke(Method.java:568)
at org.testng.internal.invokers.MethodInvocationHelper.invokeMethod(MethodInvocationHelper.java:139)
at org.testng.internal.invokers.TestInvoker.invokeMethod(TestInvoker.java:677)
at org.testng.internal.invokers.TestInvoker.invokeTestMethod(TestInvoker.java:221)
at org.testng.internal.invokers.MethodRunner.runInSequence(MethodRunner.java:50)
at org.testng.internal.invokers.TestInvoker$MethodInvocationAgent.invoke(TestInvoker.java:962)
at org.testng.internal.invokers.TestInvoker.invokeTestMethods(TestInvoker.java:194)
at org.testng.internal.invokers.TestMethodWorker.invokeTestMethods(TestMethodWorker.java:148)
at org.testng.internal.invokers.TestMethodWorker.run(TestMethodWorker.java:128)
at java.base/java.util.ArrayList.forEach(ArrayList.java:1511)
at org.testng.TestRunner.privateRun(TestRunner.java:806)
at org.testng.TestRunner.run(TestRunner.java:601)
at org.testng.SuiteRunner.runTest(SuiteRunner.java:433)
at org.testng.SuiteRunner.runSequentially(SuiteRunner.java:427)
at org.testng.SuiteRunner.privateRun(SuiteRunner.java:387)
at org.testng.SuiteRunner.run(SuiteRunner.java:330)
at org.testng.SuiteRunnerWorker.runSuite(SuiteRunnerWorker.java:52)
at org.testng.SuiteRunnerWorker.run(SuiteRunnerWorker.java:95)
at org.testng.TestNG.runSuitesSequentially(TestNG.java:1256)
at org.testng.TestNG.runSuitesLocally(TestNG.java:1176)
at org.testng.TestNG.runSuites(TestNG.java:1099)
at org.testng.TestNG.run(TestNG.java:1067)
at org.testng.remote.AbstractRemoteTestNG.run(AbstractRemoteTestNG.java:115)
at org.testng.remote.RemoteTestNG.initAndRun(RemoteTestNG.java:251)
at org.testng.remote.RemoteTestNG.main(RemoteTestNG.java:77)
]]>
    </failure>
  </testcase> <!-- sideNavBtn7Test -->
  <testcase classname="com.myelth.tests.HomePageTest" name="LogoTest" time="0.109"/>
  <testcase classname="com.myelth.tests.HomePageTest" name="HomeTextTest" time="0.054"/>
  <testcase classname="com.myelth.tests.HomePageTest" name="HomeTest" time="16.212"/>
  <testcase classname="com.myelth.tests.HomePageTest" name="PayersTextTest" time="0.051"/>
  <testcase classname="com.myelth.tests.HomePageTest" name="PayersTest" time="5.844"/>
  <testcase classname="com.myelth.tests.HomePageTest" name="blogTextTest" time="0.04"/>
  <testcase classname="com.myelth.tests.HomePageTest" name="BlogTest" time="1.84"/>
  <testcase classname="com.myelth.tests.HomePageTest" name="NewsTextTest" time="0.035"/>
  <testcase classname="com.myelth.tests.HomePageTest" name="NewsTest" time="2.153"/>
  <testcase classname="com.myelth.tests.HomePageTest" name="PlatformTextTest" time="0.041"/>
  <testcase classname="com.myelth.tests.HomePageTest" name="PlatformTest" time="2.328"/>
  <testcase classname="com.myelth.tests.HomePageTest" name="ProviderTextTest" time="0.035"/>
  <testcase classname="com.myelth.tests.HomePageTest" name="ProviderTest" time="1.665"/>
  <testcase classname="com.myelth.tests.HomePageTest" name="EmployerTextTest" time="0.037"/>
  <testcase classname="com.myelth.tests.HomePageTest" name="EmployerTest" time="2.044"/>
  <testcase classname="com.myelth.tests.HomePageTest" name="footerHomeTextTest" time="0.031"/>
  <testcase classname="com.myelth.tests.HomePageTest" name="footerHomeTest" time="16.27"/>
  <testcase classname="com.myelth.tests.HomePageTest" name="faqsTextTest" time="0.054"/>
  <testcase classname="com.myelth.tests.HomePageTest" name="faqsTest" time="1.4"/>
  <testcase classname="com.myelth.tests.HomePageTest" name="privacyPolicyTextTest" time="0.039"/>
  <testcase classname="com.myelth.tests.HomePageTest" name="privacyPolicyTest" time="0.935"/>
  <testcase classname="com.myelth.tests.HomePageTest" name="TermsAndConditionsTextTest" time="0.045"/>
  <testcase classname="com.myelth.tests.HomePageTest" name="TermsAndConditionsTest" time="0.901"/>
  <testcase classname="com.myelth.tests.HomePageTest" name="contactUsTest" time="0.032"/>
  <testcase classname="com.myelth.tests.HomePageTest" name="contactUsTextTest" time="16.248"/>
  <testcase classname="com.myelth.tests.HomePageTest" name="aboutUsTextTest" time="0.041"/>
  <testcase classname="com.myelth.tests.HomePageTest" name="aboutUsTest" time="2.841"/>
  <testcase classname="com.myelth.tests.HomePageTest" name="sliderImageTest" time="22.128"/>
  <testcase classname="com.myelth.tests.HomePageTest" name="sliderTextTest" time="0.095"/>
  <testcase classname="com.myelth.tests.HomePageTest" name="videoDisplayTest" time="0.075"/>
  <testcase classname="com.myelth.tests.HomePageTest" name="videofunctionalityTest" time="3.069"/>
  <testcase classname="com.myelth.tests.HomePageTest" name="sideNavDotsTest" time="0.477"/>
  <testcase classname="com.myelth.tests.HomePageTest" name="searchForCare_readMoreBtnDiplayTest" time="0.049"/>
  <testcase classname="com.myelth.tests.HomePageTest" name="searchForCare_readMoreBtnTest" time="1.772"/>
  <testcase classname="com.myelth.tests.HomePageTest" name="accessToRealtimeCoverage_readMoreBtnDisplayTest" time="0.048"/>
  <testcase classname="com.myelth.tests.HomePageTest" name="accessToRealtimeCoverage_readMoreBtnTest" time="0.684"/>
  <testcase classname="com.myelth.tests.HomePageTest" name="aggregateElectronicHealthRecords_readMoreBtnDisplayTest" time="0.049"/>
  <testcase classname="com.myelth.tests.HomePageTest" name="aggregateElectronicHealthRecords_readMoreBtnTest" time="1.646"/>
  <testcase classname="com.myelth.tests.HomePageTest" name="earnRewardsAndIncentives_readMoreBtnDisplayTest" time="0.039"/>
  <testcase classname="com.myelth.tests.HomePageTest" name="earnRewardsAndIncentives_readMoreBtnTest" time="0.871"/>
  <testcase classname="com.myelth.tests.HomePageTest" name="shareHealthInformation_readMoreBtnDisplayTest" time="0.044"/>
  <testcase classname="com.myelth.tests.HomePageTest" name="shareHealthInformation_readMoreBtnTest" time="0.813"/>
  <testcase classname="com.myelth.tests.HomePageTest" name="manageEntireFamilysHealth_readMoreBtnDisplayTest" time="0.032"/>
  <testcase classname="com.myelth.tests.HomePageTest" name="manageEntireFamilysHealth_readMoreBtnTest" time="5.694"/>
  <testcase classname="com.myelth.tests.HomePageTest" name="certificationsImageDisplayTest" time="3.146"/>
  <testcase classname="com.myelth.tests.HomePageTest" name="certificationsImageTest" time="4.879"/>
  <testcase classname="com.myelth.tests.HomePageTest" name="availableOnAppStoreImageTest" time="0.887"/>
  <testcase classname="com.myelth.tests.HomePageTest" name="availableOnAppStoreTest" time="5.073"/>
  <testcase classname="com.myelth.tests.HomePageTest" name="GetItOnGooglePlayImageTest" time="0.94"/>
  <testcase classname="com.myelth.tests.HomePageTest" name="GetItOnGooglePlayTest" time="2.437"/>
  <testcase classname="com.myelth.tests.HomePageTest" name="copyRightTest" time="0.08"/>
  <testcase classname="com.myelth.tests.HomePageTest" name="facebookDisplayTest" time="0.032"/>
  <testcase classname="com.myelth.tests.HomePageTest" name="facebookTest" time="2.186"/>
  <testcase classname="com.myelth.tests.HomePageTest" name="twitterDisplayTest" time="0.043"/>
  <testcase classname="com.myelth.tests.HomePageTest" name="twitterTest" time="2.223"/>
  <testcase classname="com.myelth.tests.HomePageTest" name="instagramDisplayTest" time="0.034"/>
  <testcase classname="com.myelth.tests.HomePageTest" name="instagramTest" time="1.157">
    <failure type="java.lang.AssertionError" message="expected [MyElth | Instagram] but found [myelth | healthtech with a consumer focus]">
      <![CDATA[java.lang.AssertionError: expected [MyElth | Instagram] but found [myelth | healthtech with a consumer focus]
at org.testng.Assert.fail(Assert.java:110)
at org.testng.Assert.failNotEquals(Assert.java:1413)
at org.testng.Assert.assertEqualsImpl(Assert.java:149)
at org.testng.Assert.assertEquals(Assert.java:131)
at org.testng.Assert.assertEquals(Assert.java:655)
at org.testng.Assert.assertEquals(Assert.java:665)
at com.myelth.tests.HomePageTest.instagramTest(HomePageTest.java:607)
at java.base/jdk.internal.reflect.NativeMethodAccessorImpl.invoke0(Native Method)
at java.base/jdk.internal.reflect.NativeMethodAccessorImpl.invoke(NativeMethodAccessorImpl.java:77)
at java.base/jdk.internal.reflect.DelegatingMethodAccessorImpl.invoke(DelegatingMethodAccessorImpl.java:43)
at java.base/java.lang.reflect.Method.invoke(Method.java:568)
at org.testng.internal.invokers.MethodInvocationHelper.invokeMethod(MethodInvocationHelper.java:139)
at org.testng.internal.invokers.TestInvoker.invokeMethod(TestInvoker.java:677)
at org.testng.internal.invokers.TestInvoker.invokeTestMethod(TestInvoker.java:221)
at org.testng.internal.invokers.MethodRunner.runInSequence(MethodRunner.java:50)
at org.testng.internal.invokers.TestInvoker$MethodInvocationAgent.invoke(TestInvoker.java:962)
at org.testng.internal.invokers.TestInvoker.invokeTestMethods(TestInvoker.java:194)
at org.testng.internal.invokers.TestMethodWorker.invokeTestMethods(TestMethodWorker.java:148)
at org.testng.internal.invokers.TestMethodWorker.run(TestMethodWorker.java:128)
at java.base/java.util.ArrayList.forEach(ArrayList.java:1511)
at org.testng.TestRunner.privateRun(TestRunner.java:806)
at org.testng.TestRunner.run(TestRunner.java:601)
at org.testng.SuiteRunner.runTest(SuiteRunner.java:433)
at org.testng.SuiteRunner.runSequentially(SuiteRunner.java:427)
at org.testng.SuiteRunner.privateRun(SuiteRunner.java:387)
at org.testng.SuiteRunner.run(SuiteRunner.java:330)
at org.testng.SuiteRunnerWorker.runSuite(SuiteRunnerWorker.java:52)
at org.testng.SuiteRunnerWorker.run(SuiteRunnerWorker.java:95)
at org.testng.TestNG.runSuitesSequentially(TestNG.java:1256)
at org.testng.TestNG.runSuitesLocally(TestNG.java:1176)
at org.testng.TestNG.runSuites(TestNG.java:1099)
at org.testng.TestNG.run(TestNG.java:1067)
at org.testng.remote.AbstractRemoteTestNG.run(AbstractRemoteTestNG.java:115)
at org.testng.remote.RemoteTestNG.initAndRun(RemoteTestNG.java:251)
at org.testng.remote.RemoteTestNG.main(RemoteTestNG.java:77)
]]>
    </failure>
  </testcase> <!-- instagramTest -->
  <testcase classname="com.myelth.tests.HomePageTest" name="contactUs_btnDisplayTest" time="0.052"/>
  <testcase classname="com.myelth.tests.HomePageTest" name="contactUs_btnTest" time="16.15"/>
  <testcase classname="com.myelth.tests.HomePageTest" name="arrowPreviousTest" time="6.161"/>
  <testcase classname="com.myelth.tests.HomePageTest" name="arrowNextTest" time="6.166"/>
  <testcase classname="com.myelth.tests.HomePageTest" name="sliderDotsTest" time="0.172"/>
</testsuite> <!-- Default test -->
