<?xml version="1.0" encoding="UTF-8"?>
<!-- Generated by org.testng.reporters.JUnitXMLReporter -->
<testsuite ignored="0" hostname="LAPTOP-9AGJIQ9K" failures="9" tests="107" name="Test" time="2677.331" errors="0" timestamp="2022-09-27T19:50:30 IST">
  <testcase classname="com.myelth.tests.ContactUsPageTest" name="@BeforeMethod setUp" time="180.957">
    <failure type="org.openqa.selenium.TimeoutException" message="java.util.concurrent.TimeoutException
Build info: version: &amp;apos;4.3.0&amp;apos;, revision: &amp;apos;a4995e2c09*&amp;apos;
System info: host: &amp;apos;LAPTOP-9AGJIQ9K&amp;apos;, ip: &amp;apos;192.168.0.4&amp;apos;, os.name: &amp;apos;Windows 10&amp;apos;, os.arch: &amp;apos;amd64&amp;apos;, os.version: &amp;apos;10.0&amp;apos;, java.version: &amp;apos;17.0.1&amp;apos;
Driver info: org.openqa.selenium.chrome.ChromeDriver
Command: [c928bc481be372d5cb3a9e5adf218b55, get {url=https://myelth.com/}]
Capabilities {acceptInsecureCerts: false, browserName: chrome, browserVersion: 105.0.5195.127, chrome: {chromedriverVersion: 105.0.5195.52 (412c95e51883..., userDataDir: C:\Users\kumar\AppData\Loca...}, goog:chromeOptions: {debuggerAddress: localhost:65178}, networkConnectionEnabled: false, pageLoadStrategy: normal, platformName: WINDOWS, proxy: Proxy(), se:cdp: ws://localhost:65178/devtoo..., se:cdpVersion: 105.0.5195.127, setWindowRect: true, strictFileInteractability: false, timeouts: {implicit: 0, pageLoad: 300000, script: 30000}, unhandledPromptBehavior: dismiss and notify, webauthn:extension:credBlob: true, webauthn:extension:largeBlob: true, webauthn:virtualAuthenticators: true}
Session ID: c928bc481be372d5cb3a9e5adf218b55">
      <![CDATA[org.openqa.selenium.TimeoutException: java.util.concurrent.TimeoutException
Build info: version: '4.3.0', revision: 'a4995e2c09*'
System info: host: 'LAPTOP-9AGJIQ9K', ip: '192.168.0.4', os.name: 'Windows 10', os.arch: 'amd64', os.version: '10.0', java.version: '17.0.1'
Driver info: org.openqa.selenium.chrome.ChromeDriver
Command: [c928bc481be372d5cb3a9e5adf218b55, get {url=https://myelth.com/}]
Capabilities {acceptInsecureCerts: false, browserName: chrome, browserVersion: 105.0.5195.127, chrome: {chromedriverVersion: 105.0.5195.52 (412c95e51883..., userDataDir: C:\Users\kumar\AppData\Loca...}, goog:chromeOptions: {debuggerAddress: localhost:65178}, networkConnectionEnabled: false, pageLoadStrategy: normal, platformName: WINDOWS, proxy: Proxy(), se:cdp: ws://localhost:65178/devtoo..., se:cdpVersion: 105.0.5195.127, setWindowRect: true, strictFileInteractability: false, timeouts: {implicit: 0, pageLoad: 300000, script: 30000}, unhandledPromptBehavior: dismiss and notify, webauthn:extension:credBlob: true, webauthn:extension:largeBlob: true, webauthn:virtualAuthenticators: true}
Session ID: c928bc481be372d5cb3a9e5adf218b55
at org.openqa.selenium.remote.http.netty.NettyHttpHandler.makeCall(NettyHttpHandler.java:65)
at org.openqa.selenium.remote.http.AddSeleniumUserAgent.lambda$apply$0(AddSeleniumUserAgent.java:42)
at org.openqa.selenium.remote.http.Filter.lambda$andFinally$1(Filter.java:56)
at org.openqa.selenium.remote.http.netty.NettyHttpHandler.execute(NettyHttpHandler.java:49)
at org.openqa.selenium.remote.http.AddSeleniumUserAgent.lambda$apply$0(AddSeleniumUserAgent.java:42)
at org.openqa.selenium.remote.http.Filter.lambda$andFinally$1(Filter.java:56)
at org.openqa.selenium.remote.http.netty.NettyClient.execute(NettyClient.java:98)
at org.openqa.selenium.remote.HttpCommandExecutor.execute(HttpCommandExecutor.java:181)
at org.openqa.selenium.remote.service.DriverCommandExecutor.invokeExecute(DriverCommandExecutor.java:167)
at org.openqa.selenium.remote.service.DriverCommandExecutor.execute(DriverCommandExecutor.java:142)
at org.openqa.selenium.remote.RemoteWebDriver.execute(RemoteWebDriver.java:569)
at org.openqa.selenium.remote.RemoteWebDriver.get(RemoteWebDriver.java:332)
at com.myelth.tests.ContactUsPageTest.setUp(ContactUsPageTest.java:31)
at java.base/java.util.ArrayList.forEach(ArrayList.java:1511)
Caused by: java.util.concurrent.TimeoutException
at java.base/java.util.concurrent.CompletableFuture.timedGet(CompletableFuture.java:1960)
at java.base/java.util.concurrent.CompletableFuture.get(CompletableFuture.java:2095)
at org.asynchttpclient.netty.NettyResponseFuture.get(NettyResponseFuture.java:206)
at org.openqa.selenium.remote.http.netty.NettyHttpHandler.makeCall(NettyHttpHandler.java:59)
... 44 more
... Removed 31 stack frames]]>
    </failure>
  </testcase> <!-- @BeforeMethod setUp -->
  <testcase classname="com.myelth.tests.ContactUsPageTest" name="@AfterMethod closeAndQuit" time="0.0">
    <skipped/>
  </testcase> <!-- @AfterMethod closeAndQuit -->
  <testcase classname="com.myelth.tests.ContactUsPageTest" name="@BeforeMethod setUp" time="0.0">
    <skipped/>
  </testcase> <!-- @BeforeMethod setUp -->
  <testcase classname="com.myelth.tests.ContactUsPageTest" name="@AfterMethod closeAndQuit" time="0.0">
    <skipped/>
  </testcase> <!-- @AfterMethod closeAndQuit -->
  <testcase classname="com.myelth.tests.HomePageTest" name="sideNavBtn7Test" time="0.154">
    <failure type="java.lang.AssertionError" message="Reviews are not displayed expected [true] but found [false]">
      <![CDATA[java.lang.AssertionError: Reviews are not displayed expected [true] but found [false]
at com.myelth.tests.HomePageTest.sideNavBtn7Test(HomePageTest.java:345)
at java.base/java.util.ArrayList.forEach(ArrayList.java:1511)
... Removed 30 stack frames]]>
    </failure>
  </testcase> <!-- sideNavBtn7Test -->
  <testcase classname="com.myelth.tests.HomePageTest" name="LogoTest" time="0.095"/>
  <testcase classname="com.myelth.tests.HomePageTest" name="HomeTextTest" time="0.123"/>
  <testcase classname="com.myelth.tests.HomePageTest" name="HomeTest" time="16.207"/>
  <testcase classname="com.myelth.tests.HomePageTest" name="PayersTextTest" time="0.101"/>
  <testcase classname="com.myelth.tests.HomePageTest" name="PayersTest" time="4.496"/>
  <testcase classname="com.myelth.tests.HomePageTest" name="blogTextTest" time="0.09"/>
  <testcase classname="com.myelth.tests.HomePageTest" name="BlogTest" time="11.142"/>
  <testcase classname="com.myelth.tests.HomePageTest" name="NewsTextTest" time="0.164"/>
  <testcase classname="com.myelth.tests.HomePageTest" name="NewsTest" time="4.699"/>
  <testcase classname="com.myelth.tests.HomePageTest" name="PlatformTextTest" time="0.068"/>
  <testcase classname="com.myelth.tests.HomePageTest" name="PlatformTest" time="3.71"/>
  <testcase classname="com.myelth.tests.HomePageTest" name="ProviderTextTest" time="0.131"/>
  <testcase classname="com.myelth.tests.HomePageTest" name="ProviderTest" time="3.497"/>
  <testcase classname="com.myelth.tests.HomePageTest" name="EmployerTextTest" time="0.082"/>
  <testcase classname="com.myelth.tests.HomePageTest" name="EmployerTest" time="3.67"/>
  <testcase classname="com.myelth.tests.HomePageTest" name="footerHomeTextTest" time="0.114"/>
  <testcase classname="com.myelth.tests.HomePageTest" name="footerHomeTest" time="16.198"/>
  <testcase classname="com.myelth.tests.HomePageTest" name="faqsTextTest" time="0.102"/>
  <testcase classname="com.myelth.tests.HomePageTest" name="faqsTest" time="1.952"/>
  <testcase classname="com.myelth.tests.HomePageTest" name="privacyPolicyTextTest" time="0.08"/>
  <testcase classname="com.myelth.tests.HomePageTest" name="privacyPolicyTest" time="2.691"/>
  <testcase classname="com.myelth.tests.HomePageTest" name="TermsAndConditionsTextTest" time="0.116"/>
  <testcase classname="com.myelth.tests.HomePageTest" name="TermsAndConditionsTest" time="2.538"/>
  <testcase classname="com.myelth.tests.HomePageTest" name="contactUsTest" time="0.125"/>
  <testcase classname="com.myelth.tests.HomePageTest" name="contactUsTextTest" time="17.712"/>
  <testcase classname="com.myelth.tests.HomePageTest" name="aboutUsTextTest" time="0.111"/>
  <testcase classname="com.myelth.tests.HomePageTest" name="aboutUsTest" time="3.028"/>
  <testcase classname="com.myelth.tests.HomePageTest" name="sliderImageTest" time="22.216"/>
  <testcase classname="com.myelth.tests.HomePageTest" name="sliderTextTest" time="0.213"/>
  <testcase classname="com.myelth.tests.HomePageTest" name="videoDisplayTest" time="0.126"/>
  <testcase classname="com.myelth.tests.HomePageTest" name="videofunctionalityTest" time="3.083"/>
  <testcase classname="com.myelth.tests.HomePageTest" name="sideNavDotsTest" time="0.928"/>
  <testcase classname="com.myelth.tests.HomePageTest" name="searchForCare_readMoreBtnDiplayTest" time="0.139"/>
  <testcase classname="com.myelth.tests.HomePageTest" name="searchForCare_readMoreBtnTest" time="5.2"/>
  <testcase classname="com.myelth.tests.HomePageTest" name="accessToRealtimeCoverage_readMoreBtnDisplayTest" time="0.085"/>
  <testcase classname="com.myelth.tests.HomePageTest" name="accessToRealtimeCoverage_readMoreBtnTest" time="4.308"/>
  <testcase classname="com.myelth.tests.HomePageTest" name="aggregateElectronicHealthRecords_readMoreBtnDisplayTest" time="0.169"/>
  <testcase classname="com.myelth.tests.HomePageTest" name="aggregateElectronicHealthRecords_readMoreBtnTest" time="18.166"/>
  <testcase classname="com.myelth.tests.HomePageTest" name="earnRewardsAndIncentives_readMoreBtnDisplayTest" time="0.101"/>
  <testcase classname="com.myelth.tests.HomePageTest" name="earnRewardsAndIncentives_readMoreBtnTest" time="9.435"/>
  <testcase classname="com.myelth.tests.HomePageTest" name="shareHealthInformation_readMoreBtnDisplayTest" time="0.102"/>
  <testcase classname="com.myelth.tests.HomePageTest" name="shareHealthInformation_readMoreBtnTest" time="2.748"/>
  <testcase classname="com.myelth.tests.HomePageTest" name="manageEntireFamilysHealth_readMoreBtnDisplayTest" time="0.08"/>
  <testcase classname="com.myelth.tests.HomePageTest" name="manageEntireFamilysHealth_readMoreBtnTest" time="6.357"/>
  <testcase classname="com.myelth.tests.HomePageTest" name="certificationsImageDisplayTest" time="3.224"/>
  <testcase classname="com.myelth.tests.HomePageTest" name="certificationsImageTest" time="4.816"/>
  <testcase classname="com.myelth.tests.HomePageTest" name="availableOnAppStoreImageTest" time="1.152"/>
  <testcase classname="com.myelth.tests.HomePageTest" name="availableOnAppStoreTest" time="5.446"/>
  <testcase classname="com.myelth.tests.HomePageTest" name="GetItOnGooglePlayImageTest" time="1.088"/>
  <testcase classname="com.myelth.tests.HomePageTest" name="GetItOnGooglePlayTest" time="2.98"/>
  <testcase classname="com.myelth.tests.HomePageTest" name="copyRightTest" time="0.114"/>
  <testcase classname="com.myelth.tests.HomePageTest" name="facebookDisplayTest" time="0.073"/>
  <testcase classname="com.myelth.tests.HomePageTest" name="facebookTest" time="2.384"/>
  <testcase classname="com.myelth.tests.HomePageTest" name="twitterDisplayTest" time="0.089"/>
  <testcase classname="com.myelth.tests.HomePageTest" name="twitterTest" time="2.939"/>
  <testcase classname="com.myelth.tests.HomePageTest" name="instagramDisplayTest" time="0.075"/>
  <testcase classname="com.myelth.tests.HomePageTest" name="instagramTest" time="1.28">
    <failure type="java.lang.AssertionError" message="expected [MyElth | Instagram] but found [myelth | healthtech with a consumer focus]">
      <![CDATA[java.lang.AssertionError: expected [MyElth | Instagram] but found [myelth | healthtech with a consumer focus]
at com.myelth.tests.HomePageTest.instagramTest(HomePageTest.java:606)
at java.base/java.util.ArrayList.forEach(ArrayList.java:1511)
... Removed 33 stack frames]]>
    </failure>
  </testcase> <!-- instagramTest -->
  <testcase classname="com.myelth.tests.HomePageTest" name="contactUs_btnDisplayTest" time="0.088"/>
  <testcase classname="com.myelth.tests.HomePageTest" name="contactUs_btnTest" time="17.238"/>
  <testcase classname="com.myelth.tests.HomePageTest" name="arrowPreviousTest" time="3.054">
    <failure type="java.lang.AssertionError" message="not displayed expected [true] but found [false]">
      <![CDATA[java.lang.AssertionError: not displayed expected [true] but found [false]
at com.myelth.tests.HomePageTest.arrowPreviousTest(HomePageTest.java:633)
at java.base/java.util.ArrayList.forEach(ArrayList.java:1511)
... Removed 30 stack frames]]>
    </failure>
  </testcase> <!-- arrowPreviousTest -->
  <testcase classname="com.myelth.tests.HomePageTest" name="arrowNextTest" time="3.059">
    <failure type="java.lang.AssertionError" message="not displayed expected [true] but found [false]">
      <![CDATA[java.lang.AssertionError: not displayed expected [true] but found [false]
at com.myelth.tests.HomePageTest.arrowNextTest(HomePageTest.java:649)
at java.base/java.util.ArrayList.forEach(ArrayList.java:1511)
... Removed 30 stack frames]]>
    </failure>
  </testcase> <!-- arrowNextTest -->
  <testcase classname="com.myelth.tests.HomePageTest" name="sliderDotsTest" time="0.174"/>
  <testcase classname="com.myelth.tests.PrivacyPolicyPageTest" name="privacyPolicyTitleTest" time="3.35"/>
  <testcase classname="com.myelth.tests.PrivacyPolicyPageTest" name="termsOfServicePageTitleTest" time="7.139">
    <failure type="java.lang.AssertionError" message="404 Not Found expected [Terms of Service | myelth] but found [Privacy Policy | myelth]">
      <![CDATA[java.lang.AssertionError: 404 Not Found expected [Terms of Service | myelth] but found [Privacy Policy | myelth]
at com.myelth.tests.PrivacyPolicyPageTest.termsOfServicePageTitleTest(PrivacyPolicyPageTest.java:53)
at java.base/java.util.ArrayList.forEach(ArrayList.java:1511)
... Removed 32 stack frames]]>
    </failure>
  </testcase> <!-- termsOfServicePageTitleTest -->
  <testcase classname="com.myelth.tests.PrivacyPolicyPageTest" name="copyRightTest" time="0.164"/>
  <testcase classname="com.myelth.tests.ProviderPageTest" name="providerTitleTest" time="3.101"/>
  <testcase classname="com.myelth.tests.ProviderPageTest" name="contactUsButtonDisplayTest" time="0.077"/>
  <testcase classname="com.myelth.tests.ProviderPageTest" name="contactUsButtonFunctionalityTest" time="16.231"/>
  <testcase classname="com.myelth.tests.EmployerPageTest" name="employerTitleTest" time="3.23"/>
  <testcase classname="com.myelth.tests.EmployerPageTest" name="contactUsButtonDisplayTest" time="0.114"/>
  <testcase classname="com.myelth.tests.EmployerPageTest" name="contactUsButtonTest" time="16.205"/>
  <testcase classname="com.myelth.tests.Footer_HomePageTest" name="footerHomeTitleTest" time="16.225"/>
  <testcase classname="com.myelth.tests.Footer_HomePageTest" name="contactUsButtonDisplayTest" time="0.071"/>
  <testcase classname="com.myelth.tests.Footer_HomePageTest" name="contactUsButtonFunctionalityTest" time="16.205"/>
  <testcase classname="com.myelth.tests.TermsAndConditionsPageTest" name="copyRightTest" time="0.049"/>
  <testcase classname="com.myelth.tests.TermsAndConditionsPageTest" name="imageTest" time="0.169">
    <failure type="java.lang.AssertionError" message="Image is not displayed expected [true] but found [false]">
      <![CDATA[java.lang.AssertionError: Image is not displayed expected [true] but found [false]
at com.myelth.tests.TermsAndConditionsPageTest.imageTest(TermsAndConditionsPageTest.java:77)
at java.base/java.util.ArrayList.forEach(ArrayList.java:1511)
... Removed 30 stack frames]]>
    </failure>
  </testcase> <!-- imageTest -->
  <testcase classname="com.myelth.tests.TermsAndConditionsPageTest" name="termsAndConditionsTitleTest" time="0.005"/>
  <testcase classname="com.myelth.tests.TermsOfServicePageTest" name="myElthLaunchesHealthcareCollaborationPlatformTest" time="6.565"/>
  <testcase classname="com.myelth.tests.TermsOfServicePageTest" name="threeReasonstoVideoCallYourDoctorTest" time="7.608"/>
  <testcase classname="com.myelth.tests.TermsOfServicePageTest" name="twentyYearsOfPriceChangesInTheUnitedStatesTest" time="3.922"/>
  <testcase classname="com.myelth.tests.TermsOfServicePageTest" name="termsOfServicePageTitleTest" time="0.674">
    <failure type="java.lang.AssertionError" message="404 Not Found expected [Terms of Service | myelth] but found [404 Not Found | myelth]">
      <![CDATA[java.lang.AssertionError: 404 Not Found expected [Terms of Service | myelth] but found [404 Not Found | myelth]
at com.myelth.tests.TermsOfServicePageTest.termsOfServicePageTitleTest(TermsOfServicePageTest.java:53)
at java.base/java.util.ArrayList.forEach(ArrayList.java:1511)
... Removed 32 stack frames]]>
    </failure>
  </testcase> <!-- termsOfServicePageTitleTest -->
  <testcase classname="com.myelth.tests.TermsOfServicePageTest" name="searchFunctionalityTest" time="1.269"/>
  <testcase classname="com.myelth.tests.PlatformPageTest" name="platformPageTitle" time="3.6"/>
  <testcase classname="com.myelth.tests.PlatformPageTest" name="platformVideoTest" time="0.099"/>
  <testcase classname="com.myelth.tests.PlatformPageTest" name="platformVideoFunctionalityTest" time="6.029"/>
  <testcase classname="com.myelth.tests.PlatformPageTest" name="contactUsButtonDisplayTest" time="0.063"/>
  <testcase classname="com.myelth.tests.PlatformPageTest" name="contactUsButtonFunctionalityTest" time="16.188"/>
  <testcase classname="com.myelth.tests.FaqsPageTest" name="FaqsTitleTest" time="1.809"/>
  <testcase classname="com.myelth.tests.FaqsPageTest" name="contactUsButtonDisplayTest" time="0.105"/>
  <testcase classname="com.myelth.tests.FaqsPageTest" name="contactUsButtonFunctionalityTest" time="16.259"/>
  <testcase classname="com.myelth.tests.FaqsPageTest" name="copyRightTest" time="0.042"/>
  <testcase classname="com.myelth.tests.BlogPageTest" name="blogTitleTest" time="0.014"/>
  <testcase classname="com.myelth.tests.BlogPageTest" name="readMoreBtnTest1" time="3.872"/>
  <testcase classname="com.myelth.tests.BlogPageTest" name="readMoreBtnTest2" time="0.779"/>
  <testcase classname="com.myelth.tests.BlogPageTest" name="readMoreBtnTest3" time="2.67"/>
  <testcase classname="com.myelth.tests.NewsPageTest" name="newsTitleTest" time="4.082"/>
  <testcase classname="com.myelth.tests.NewsPageTest" name="healthCareTechLinkTest" time="3.734"/>
  <testcase classname="com.myelth.tests.NewsPageTest" name="howTheCompanyWasFoundedLink" time="6.855">
    <failure type="java.lang.AssertionError" message="Website is not currently available in your region or country expected [How Myelth company was founded] but found [here]">
      <![CDATA[java.lang.AssertionError: Website is not currently available in your region or country expected [How Myelth company was founded] but found [here]
at com.myelth.tests.NewsPageTest.howTheCompanyWasFoundedLink(NewsPageTest.java:68)
at java.base/java.util.ArrayList.forEach(ArrayList.java:1511)
... Removed 32 stack frames]]>
    </failure>
  </testcase> <!-- howTheCompanyWasFoundedLink -->
  <testcase classname="com.myelth.tests.NewsPageTest" name="healthCareSolutionProviderLogoLinkTest" time="3.398">
    <failure type="java.lang.AssertionError" message="Website is not currently available in your region or country expected [Myelth Top Healthcare Communicatins Solution Providers] but found [Website is not currently available in your region or country]">
      <![CDATA[java.lang.AssertionError: Website is not currently available in your region or country expected [Myelth Top Healthcare Communicatins Solution Providers] but found [Website is not currently available in your region or country]
at com.myelth.tests.NewsPageTest.healthCareSolutionProviderLogoLinkTest(NewsPageTest.java:81)
at java.base/java.util.ArrayList.forEach(ArrayList.java:1511)
... Removed 32 stack frames]]>
    </failure>
  </testcase> <!-- healthCareSolutionProviderLogoLinkTest -->
  <testcase classname="com.myelth.tests.PayersPageTest" name="payerTitleTest" time="3.178"/>
  <testcase classname="com.myelth.tests.PayersPageTest" name="contactUsButtonDisplayTest" time="0.035"/>
  <testcase classname="com.myelth.tests.PayersPageTest" name="contactUsButtonFucntionalityTest" time="16.242"/>
  <testcase classname="com.myelth.tests.AboutUsPageTest" name="aboutUsTitleTest" time="0.01"/>
  <testcase classname="com.myelth.tests.AboutUsPageTest" name="individualProfileTest" time="17.61"/>
  <testcase classname="com.myelth.tests.ContactUsPageTest" name="contactUsTitleTest" time="0.0">
    <skipped/>
  </testcase> <!-- contactUsTitleTest -->
  <testcase classname="com.myelth.tests.ContactUsPageTest" name="userDetails" time="0.0">
    <skipped/>
  </testcase> <!-- userDetails -->
</testsuite> <!-- Test -->
