<?xml version="1.0" encoding="UTF-8"?>
<!-- Generated by org.testng.reporters.JUnitReportReporter -->
<testsuite hostname="LAPTOP-9AGJIQ9K" failures="4" tests="63" name="com.myelth.tests.HomePageTest" time="1410.002" errors="0" timestamp="2022-09-27T19:50:30 IST" skipped="0">
  <testcase classname="com.myelth.tests.HomePageTest" name="sideNavBtn7Test" time="18.390">
    <failure message="Reviews are not displayed expected [true] but found [false]" type="java.lang.AssertionError">
      <![CDATA[java.lang.AssertionError: Reviews are not displayed expected [true] but found [false]
at org.testng.Assert.fail(Assert.java:110)
at org.testng.Assert.failNotEquals(Assert.java:1413)
at org.testng.Assert.assertTrue(Assert.java:56)
at com.myelth.tests.HomePageTest.sideNavBtn7Test(HomePageTest.java:345)
at java.base/jdk.internal.reflect.NativeMethodAccessorImpl.invoke0(Native Method)
at java.base/jdk.internal.reflect.NativeMethodAccessorImpl.invoke(NativeMethodAccessorImpl.java:77)
at java.base/jdk.internal.reflect.DelegatingMethodAccessorImpl.invoke(DelegatingMethodAccessorImpl.java:43)
at java.base/java.lang.reflect.Method.invoke(Method.java:568)
at org.testng.internal.invokers.MethodInvocationHelper.invokeMethod(MethodInvocationHelper.java:139)
at org.testng.internal.invokers.TestInvoker.invokeMethod(TestInvoker.java:677)
at org.testng.internal.invokers.TestInvoker.invokeTestMethod(TestInvoker.java:221)
at org.testng.internal.invokers.MethodRunner.runInSequence(MethodRunner.java:50)
at org.testng.internal.invokers.TestInvoker$MethodInvocationAgent.invoke(TestInvoker.java:962)
at org.testng.internal.invokers.TestInvoker.invokeTestMethods(TestInvoker.java:194)
at org.testng.internal.invokers.TestMethodWorker.invokeTestMethods(TestMethodWorker.java:148)
at org.testng.internal.invokers.TestMethodWorker.run(TestMethodWorker.java:128)
at java.base/java.util.ArrayList.forEach(ArrayList.java:1511)
at org.testng.TestRunner.privateRun(TestRunner.java:806)
at org.testng.TestRunner.run(TestRunner.java:601)
at org.testng.SuiteRunner.runTest(SuiteRunner.java:433)
at org.testng.SuiteRunner.runSequentially(SuiteRunner.java:427)
at org.testng.SuiteRunner.privateRun(SuiteRunner.java:387)
at org.testng.SuiteRunner.run(SuiteRunner.java:330)
at org.testng.SuiteRunnerWorker.runSuite(SuiteRunnerWorker.java:52)
at org.testng.SuiteRunnerWorker.run(SuiteRunnerWorker.java:95)
at org.testng.TestNG.runSuitesSequentially(TestNG.java:1256)
at org.testng.TestNG.runSuitesLocally(TestNG.java:1176)
at org.testng.TestNG.runSuites(TestNG.java:1099)
at org.testng.TestNG.run(TestNG.java:1067)
at org.testng.remote.AbstractRemoteTestNG.run(AbstractRemoteTestNG.java:115)
at org.testng.remote.RemoteTestNG.initAndRun(RemoteTestNG.java:251)
at org.testng.remote.RemoteTestNG.main(RemoteTestNG.java:77)
]]>
    </failure>
  </testcase> <!-- sideNavBtn7Test -->
  <system-out/>
  <testcase classname="com.myelth.tests.HomePageTest" name="LogoTest" time="22.735"/>
  <system-out/>
  <testcase classname="com.myelth.tests.HomePageTest" name="HomeTextTest" time="20.761"/>
  <system-out/>
  <testcase classname="com.myelth.tests.HomePageTest" name="HomeTest" time="34.518"/>
  <system-out/>
  <testcase classname="com.myelth.tests.HomePageTest" name="PayersTextTest" time="18.701"/>
  <system-out/>
  <testcase classname="com.myelth.tests.HomePageTest" name="PayersTest" time="23.612"/>
  <system-out/>
  <testcase classname="com.myelth.tests.HomePageTest" name="blogTextTest" time="18.416"/>
  <system-out/>
  <testcase classname="com.myelth.tests.HomePageTest" name="BlogTest" time="29.442"/>
  <system-out/>
  <testcase classname="com.myelth.tests.HomePageTest" name="NewsTextTest" time="18.405"/>
  <system-out/>
  <testcase classname="com.myelth.tests.HomePageTest" name="NewsTest" time="22.975"/>
  <system-out/>
  <testcase classname="com.myelth.tests.HomePageTest" name="PlatformTextTest" time="20.496"/>
  <system-out/>
  <testcase classname="com.myelth.tests.HomePageTest" name="PlatformTest" time="22.135"/>
  <system-out/>
  <testcase classname="com.myelth.tests.HomePageTest" name="ProviderTextTest" time="20.867"/>
  <system-out/>
  <testcase classname="com.myelth.tests.HomePageTest" name="ProviderTest" time="23.711"/>
  <system-out/>
  <testcase classname="com.myelth.tests.HomePageTest" name="EmployerTextTest" time="18.444"/>
  <system-out/>
  <testcase classname="com.myelth.tests.HomePageTest" name="EmployerTest" time="21.906"/>
  <system-out/>
  <testcase classname="com.myelth.tests.HomePageTest" name="footerHomeTextTest" time="18.385"/>
  <system-out/>
  <testcase classname="com.myelth.tests.HomePageTest" name="footerHomeTest" time="34.495"/>
  <system-out/>
  <testcase classname="com.myelth.tests.HomePageTest" name="faqsTextTest" time="18.533"/>
  <system-out/>
  <testcase classname="com.myelth.tests.HomePageTest" name="faqsTest" time="22.615"/>
  <system-out/>
  <testcase classname="com.myelth.tests.HomePageTest" name="privacyPolicyTextTest" time="18.391"/>
  <system-out/>
  <testcase classname="com.myelth.tests.HomePageTest" name="privacyPolicyTest" time="21.184"/>
  <system-out/>
  <testcase classname="com.myelth.tests.HomePageTest" name="TermsAndConditionsTextTest" time="20.712"/>
  <system-out/>
  <testcase classname="com.myelth.tests.HomePageTest" name="TermsAndConditionsTest" time="23.091"/>
  <system-out/>
  <testcase classname="com.myelth.tests.HomePageTest" name="contactUsTest" time="17.950"/>
  <system-out/>
  <testcase classname="com.myelth.tests.HomePageTest" name="contactUsTextTest" time="36.225"/>
  <system-out/>
  <testcase classname="com.myelth.tests.HomePageTest" name="aboutUsTextTest" time="19.878"/>
  <system-out/>
  <testcase classname="com.myelth.tests.HomePageTest" name="aboutUsTest" time="21.430"/>
  <system-out/>
  <testcase classname="com.myelth.tests.HomePageTest" name="sliderImageTest" time="43.005"/>
  <system-out/>
  <testcase classname="com.myelth.tests.HomePageTest" name="sliderTextTest" time="20.690"/>
  <system-out/>
  <testcase classname="com.myelth.tests.HomePageTest" name="videofunctionalityTest" time="21.306"/>
  <system-out/>
  <testcase classname="com.myelth.tests.HomePageTest" name="videoDisplayTest" time="20.785"/>
  <system-out/>
  <testcase classname="com.myelth.tests.HomePageTest" name="sideNavDotsTest" time="19.306"/>
  <system-out/>
  <testcase classname="com.myelth.tests.HomePageTest" name="searchForCare_readMoreBtnDiplayTest" time="18.465"/>
  <system-out/>
  <testcase classname="com.myelth.tests.HomePageTest" name="searchForCare_readMoreBtnTest" time="25.441"/>
  <system-out/>
  <testcase classname="com.myelth.tests.HomePageTest" name="accessToRealtimeCoverage_readMoreBtnDisplayTest" time="18.540"/>
  <system-out/>
  <testcase classname="com.myelth.tests.HomePageTest" name="accessToRealtimeCoverage_readMoreBtnTest" time="22.940"/>
  <system-out/>
  <testcase classname="com.myelth.tests.HomePageTest" name="aggregateElectronicHealthRecords_readMoreBtnDisplayTest" time="18.545"/>
  <system-out/>
  <testcase classname="com.myelth.tests.HomePageTest" name="aggregateElectronicHealthRecords_readMoreBtnTest" time="36.324"/>
  <system-out/>
  <testcase classname="com.myelth.tests.HomePageTest" name="earnRewardsAndIncentives_readMoreBtnDisplayTest" time="18.788"/>
  <system-out/>
  <testcase classname="com.myelth.tests.HomePageTest" name="earnRewardsAndIncentives_readMoreBtnTest" time="27.589"/>
  <system-out/>
  <testcase classname="com.myelth.tests.HomePageTest" name="shareHealthInformation_readMoreBtnDisplayTest" time="18.437"/>
  <system-out/>
  <testcase classname="com.myelth.tests.HomePageTest" name="shareHealthInformation_readMoreBtnTest" time="21.055"/>
  <system-out/>
  <testcase classname="com.myelth.tests.HomePageTest" name="manageEntireFamilysHealth_readMoreBtnDisplayTest" time="18.209"/>
  <system-out/>
  <testcase classname="com.myelth.tests.HomePageTest" name="manageEntireFamilysHealth_readMoreBtnTest" time="24.293"/>
  <system-out/>
  <testcase classname="com.myelth.tests.HomePageTest" name="certificationsImageDisplayTest" time="21.458"/>
  <system-out/>
  <testcase classname="com.myelth.tests.HomePageTest" name="certificationsImageTest" time="23.621"/>
  <system-out/>
  <testcase classname="com.myelth.tests.HomePageTest" name="availableOnAppStoreImageTest" time="22.457"/>
  <system-out/>
  <testcase classname="com.myelth.tests.HomePageTest" name="availableOnAppStoreTest" time="23.615"/>
  <system-out/>
  <testcase classname="com.myelth.tests.HomePageTest" name="GetItOnGooglePlayImageTest" time="19.656"/>
  <system-out/>
  <testcase classname="com.myelth.tests.HomePageTest" name="GetItOnGooglePlayTest" time="21.365"/>
  <system-out/>
  <testcase classname="com.myelth.tests.HomePageTest" name="copyRightTest" time="18.365"/>
  <system-out/>
  <testcase classname="com.myelth.tests.HomePageTest" name="facebookDisplayTest" time="20.590"/>
  <system-out/>
  <testcase classname="com.myelth.tests.HomePageTest" name="facebookTest" time="20.402"/>
  <system-out/>
  <testcase classname="com.myelth.tests.HomePageTest" name="twitterDisplayTest" time="18.175"/>
  <system-out/>
  <testcase classname="com.myelth.tests.HomePageTest" name="twitterTest" time="21.316"/>
  <system-out/>
  <testcase classname="com.myelth.tests.HomePageTest" name="instagramDisplayTest" time="20.438"/>
  <system-out/>
  <testcase classname="com.myelth.tests.HomePageTest" name="instagramTest" time="19.543">
    <failure message="expected [MyElth | Instagram] but found [myelth | healthtech with a consumer focus]" type="java.lang.AssertionError">
      <![CDATA[java.lang.AssertionError: expected [MyElth | Instagram] but found [myelth | healthtech with a consumer focus]
at org.testng.Assert.fail(Assert.java:110)
at org.testng.Assert.failNotEquals(Assert.java:1413)
at org.testng.Assert.assertEqualsImpl(Assert.java:149)
at org.testng.Assert.assertEquals(Assert.java:131)
at org.testng.Assert.assertEquals(Assert.java:655)
at org.testng.Assert.assertEquals(Assert.java:665)
at com.myelth.tests.HomePageTest.instagramTest(HomePageTest.java:606)
at java.base/jdk.internal.reflect.NativeMethodAccessorImpl.invoke0(Native Method)
at java.base/jdk.internal.reflect.NativeMethodAccessorImpl.invoke(NativeMethodAccessorImpl.java:77)
at java.base/jdk.internal.reflect.DelegatingMethodAccessorImpl.invoke(DelegatingMethodAccessorImpl.java:43)
at java.base/java.lang.reflect.Method.invoke(Method.java:568)
at org.testng.internal.invokers.MethodInvocationHelper.invokeMethod(MethodInvocationHelper.java:139)
at org.testng.internal.invokers.TestInvoker.invokeMethod(TestInvoker.java:677)
at org.testng.internal.invokers.TestInvoker.invokeTestMethod(TestInvoker.java:221)
at org.testng.internal.invokers.MethodRunner.runInSequence(MethodRunner.java:50)
at org.testng.internal.invokers.TestInvoker$MethodInvocationAgent.invoke(TestInvoker.java:962)
at org.testng.internal.invokers.TestInvoker.invokeTestMethods(TestInvoker.java:194)
at org.testng.internal.invokers.TestMethodWorker.invokeTestMethods(TestMethodWorker.java:148)
at org.testng.internal.invokers.TestMethodWorker.run(TestMethodWorker.java:128)
at java.base/java.util.ArrayList.forEach(ArrayList.java:1511)
at org.testng.TestRunner.privateRun(TestRunner.java:806)
at org.testng.TestRunner.run(TestRunner.java:601)
at org.testng.SuiteRunner.runTest(SuiteRunner.java:433)
at org.testng.SuiteRunner.runSequentially(SuiteRunner.java:427)
at org.testng.SuiteRunner.privateRun(SuiteRunner.java:387)
at org.testng.SuiteRunner.run(SuiteRunner.java:330)
at org.testng.SuiteRunnerWorker.runSuite(SuiteRunnerWorker.java:52)
at org.testng.SuiteRunnerWorker.run(SuiteRunnerWorker.java:95)
at org.testng.TestNG.runSuitesSequentially(TestNG.java:1256)
at org.testng.TestNG.runSuitesLocally(TestNG.java:1176)
at org.testng.TestNG.runSuites(TestNG.java:1099)
at org.testng.TestNG.run(TestNG.java:1067)
at org.testng.remote.AbstractRemoteTestNG.run(AbstractRemoteTestNG.java:115)
at org.testng.remote.RemoteTestNG.initAndRun(RemoteTestNG.java:251)
at org.testng.remote.RemoteTestNG.main(RemoteTestNG.java:77)
]]>
    </failure>
  </testcase> <!-- instagramTest -->
  <system-out/>
  <testcase classname="com.myelth.tests.HomePageTest" name="contactUs_btnDisplayTest" time="18.300"/>
  <system-out/>
  <testcase classname="com.myelth.tests.HomePageTest" name="contactUs_btnTest" time="35.661"/>
  <system-out/>
  <testcase classname="com.myelth.tests.HomePageTest" name="arrowPreviousTest" time="21.237">
    <failure message="not displayed expected [true] but found [false]" type="java.lang.AssertionError">
      <![CDATA[java.lang.AssertionError: not displayed expected [true] but found [false]
at org.testng.Assert.fail(Assert.java:110)
at org.testng.Assert.failNotEquals(Assert.java:1413)
at org.testng.Assert.assertTrue(Assert.java:56)
at com.myelth.tests.HomePageTest.arrowPreviousTest(HomePageTest.java:633)
at java.base/jdk.internal.reflect.NativeMethodAccessorImpl.invoke0(Native Method)
at java.base/jdk.internal.reflect.NativeMethodAccessorImpl.invoke(NativeMethodAccessorImpl.java:77)
at java.base/jdk.internal.reflect.DelegatingMethodAccessorImpl.invoke(DelegatingMethodAccessorImpl.java:43)
at java.base/java.lang.reflect.Method.invoke(Method.java:568)
at org.testng.internal.invokers.MethodInvocationHelper.invokeMethod(MethodInvocationHelper.java:139)
at org.testng.internal.invokers.TestInvoker.invokeMethod(TestInvoker.java:677)
at org.testng.internal.invokers.TestInvoker.invokeTestMethod(TestInvoker.java:221)
at org.testng.internal.invokers.MethodRunner.runInSequence(MethodRunner.java:50)
at org.testng.internal.invokers.TestInvoker$MethodInvocationAgent.invoke(TestInvoker.java:962)
at org.testng.internal.invokers.TestInvoker.invokeTestMethods(TestInvoker.java:194)
at org.testng.internal.invokers.TestMethodWorker.invokeTestMethods(TestMethodWorker.java:148)
at org.testng.internal.invokers.TestMethodWorker.run(TestMethodWorker.java:128)
at java.base/java.util.ArrayList.forEach(ArrayList.java:1511)
at org.testng.TestRunner.privateRun(TestRunner.java:806)
at org.testng.TestRunner.run(TestRunner.java:601)
at org.testng.SuiteRunner.runTest(SuiteRunner.java:433)
at org.testng.SuiteRunner.runSequentially(SuiteRunner.java:427)
at org.testng.SuiteRunner.privateRun(SuiteRunner.java:387)
at org.testng.SuiteRunner.run(SuiteRunner.java:330)
at org.testng.SuiteRunnerWorker.runSuite(SuiteRunnerWorker.java:52)
at org.testng.SuiteRunnerWorker.run(SuiteRunnerWorker.java:95)
at org.testng.TestNG.runSuitesSequentially(TestNG.java:1256)
at org.testng.TestNG.runSuitesLocally(TestNG.java:1176)
at org.testng.TestNG.runSuites(TestNG.java:1099)
at org.testng.TestNG.run(TestNG.java:1067)
at org.testng.remote.AbstractRemoteTestNG.run(AbstractRemoteTestNG.java:115)
at org.testng.remote.RemoteTestNG.initAndRun(RemoteTestNG.java:251)
at org.testng.remote.RemoteTestNG.main(RemoteTestNG.java:77)
]]>
    </failure>
  </testcase> <!-- arrowPreviousTest -->
  <system-out/>
  <testcase classname="com.myelth.tests.HomePageTest" name="arrowNextTest" time="21.145">
    <failure message="not displayed expected [true] but found [false]" type="java.lang.AssertionError">
      <![CDATA[java.lang.AssertionError: not displayed expected [true] but found [false]
at org.testng.Assert.fail(Assert.java:110)
at org.testng.Assert.failNotEquals(Assert.java:1413)
at org.testng.Assert.assertTrue(Assert.java:56)
at com.myelth.tests.HomePageTest.arrowNextTest(HomePageTest.java:649)
at java.base/jdk.internal.reflect.NativeMethodAccessorImpl.invoke0(Native Method)
at java.base/jdk.internal.reflect.NativeMethodAccessorImpl.invoke(NativeMethodAccessorImpl.java:77)
at java.base/jdk.internal.reflect.DelegatingMethodAccessorImpl.invoke(DelegatingMethodAccessorImpl.java:43)
at java.base/java.lang.reflect.Method.invoke(Method.java:568)
at org.testng.internal.invokers.MethodInvocationHelper.invokeMethod(MethodInvocationHelper.java:139)
at org.testng.internal.invokers.TestInvoker.invokeMethod(TestInvoker.java:677)
at org.testng.internal.invokers.TestInvoker.invokeTestMethod(TestInvoker.java:221)
at org.testng.internal.invokers.MethodRunner.runInSequence(MethodRunner.java:50)
at org.testng.internal.invokers.TestInvoker$MethodInvocationAgent.invoke(TestInvoker.java:962)
at org.testng.internal.invokers.TestInvoker.invokeTestMethods(TestInvoker.java:194)
at org.testng.internal.invokers.TestMethodWorker.invokeTestMethods(TestMethodWorker.java:148)
at org.testng.internal.invokers.TestMethodWorker.run(TestMethodWorker.java:128)
at java.base/java.util.ArrayList.forEach(ArrayList.java:1511)
at org.testng.TestRunner.privateRun(TestRunner.java:806)
at org.testng.TestRunner.run(TestRunner.java:601)
at org.testng.SuiteRunner.runTest(SuiteRunner.java:433)
at org.testng.SuiteRunner.runSequentially(SuiteRunner.java:427)
at org.testng.SuiteRunner.privateRun(SuiteRunner.java:387)
at org.testng.SuiteRunner.run(SuiteRunner.java:330)
at org.testng.SuiteRunnerWorker.runSuite(SuiteRunnerWorker.java:52)
at org.testng.SuiteRunnerWorker.run(SuiteRunnerWorker.java:95)
at org.testng.TestNG.runSuitesSequentially(TestNG.java:1256)
at org.testng.TestNG.runSuitesLocally(TestNG.java:1176)
at org.testng.TestNG.runSuites(TestNG.java:1099)
at org.testng.TestNG.run(TestNG.java:1067)
at org.testng.remote.AbstractRemoteTestNG.run(AbstractRemoteTestNG.java:115)
at org.testng.remote.RemoteTestNG.initAndRun(RemoteTestNG.java:251)
at org.testng.remote.RemoteTestNG.main(RemoteTestNG.java:77)
]]>
    </failure>
  </testcase> <!-- arrowNextTest -->
  <system-out/>
  <testcase classname="com.myelth.tests.HomePageTest" name="sliderDotsTest" time="20.537"/>
  <system-out/>
</testsuite> <!-- com.myelth.tests.HomePageTest -->
